<?xml version="1.0" encoding="UTF-8"?>
<!-- Generated by org.testng.reporters.JUnitReportReporter -->
<testsuite hostname="DESKTOP-SIKMI5O" failures="0" tests="3" name="basic.TestNG2" time="0.004" errors="0" timestamp="2024-10-08T13:10:57 IST" skipped="0">
  <testcase classname="basic.TestNG2" name="CreateAccount2" time="0.001">
    <system-out>
      <![CDATA[Create Account2]]>
    </system-out>
  </testcase> <!-- CreateAccount2 -->
  <testcase classname="basic.TestNG2" name="DeleteAccount3" time="0.001">
    <system-out>
      <![CDATA[Delete Account2]]>
    </system-out>
  </testcase> <!-- DeleteAccount3 -->
  <testcase classname="basic.TestNG2" name="EditAccount2" time="0.002">
    <system-out>
      <![CDATA[Edit Account2]]>
    </system-out>
  </testcase> <!-- EditAccount2 -->
  <system-out>
    <![CDATA[Create Account
Delete Account
Edit Account
Create Account2
Delete Account2
Edit Account2]]>
  </system-out>
</testsuite> <!-- basic.TestNG2 -->
