<?xml version="1.0" encoding="UTF-8"?>
<!-- Generated by org.testng.reporters.JUnitReportReporter -->
<testsuite hostname="DESKTOP-SIKMI5O" failures="0" tests="3" name="basic.TestNG" time="0.014" errors="0" timestamp="2024-10-08T13:10:57 IST" skipped="0">
  <testcase classname="basic.TestNG" name="EditAccount" time="0.003">
    <system-out>
      <![CDATA[Edit Account]]>
    </system-out>
  </testcase> <!-- EditAccount -->
  <testcase classname="basic.TestNG" name="DeleteAccount" time="0.001">
    <system-out>
      <![CDATA[Delete Account]]>
    </system-out>
  </testcase> <!-- DeleteAccount -->
  <testcase classname="basic.TestNG" name="CreateAccount" time="0.010">
    <system-out>
      <![CDATA[Create Account]]>
    </system-out>
  </testcase> <!-- CreateAccount -->
  <system-out>
    <![CDATA[Create Account
Delete Account
Edit Account
Create Account2
Delete Account2
Edit Account2]]>
  </system-out>
</testsuite> <!-- basic.TestNG -->
